<?xml version="1.0" encoding="UTF-8"?>
<!-- Generated by org.testng.reporters.JUnitReportReporter -->
<testsuite hostname="DESKTOP-1L1HD6G" failures="0" tests="2" name="Testcases.Search" time="5.527" errors="0" timestamp="2024-03-04T07:45:51 IST" skipped="0">
  <testcase classname="Testcases.Search" name="Searchwithvalidproduct" time="2.614"/>
  <testcase classname="Testcases.Search" name="Searchwithemptyfields" time="2.913"/>
</testsuite> <!-- Testcases.Search -->
