<?xml version="1.0" encoding="UTF-8"?>
<!-- Generated by org.testng.reporters.JUnitReportReporter -->
<testsuite hostname="DESKTOP-1L1HD6G" failures="0" tests="5" name="Testcases.Login" time="13.657" errors="0" timestamp="2024-03-11T10:22:18 IST" skipped="0">
  <testcase classname="Testcases.Login" name="loginwithemptyfields" time="2.570"/>
  <testcase classname="Testcases.Login" name="loginwithinvalidemailid" time="2.531"/>
  <testcase classname="Testcases.Login" name="loginwithvalidcredentials" time="2.725"/>
  <testcase classname="Testcases.Login" name="loginwithvalidcredentials" time="2.710"/>
  <testcase classname="Testcases.Login" name="loginwithvalidcredentials" time="3.121"/>
</testsuite> <!-- Testcases.Login -->
