<?xml version="1.0" encoding="UTF-8"?>
<!-- Generated by org.testng.reporters.JUnitReportReporter -->
<testsuite hostname="DESKTOP-1L1HD6G" failures="0" tests="1" name="Testcases.Register" time="3.717" errors="0" timestamp="2024-03-11T09:41:43 IST" skipped="0">
  <testcase classname="Testcases.Register" name="Registerwithmandatoryfields" time="3.717"/>
</testsuite> <!-- Testcases.Register -->
